[35m[Appium][39m Welcome to Appium v1.22.3
[35m[Appium][39m Non-default server args:
[35m[Appium][39m   port: 56314
[35m[Appium][39m   loglevel: info
[35m[Appium][39m   tmpDir: C:\Users\HO6751~1.HEN\AppData\Local\Temp\\Katalon\Appium\Temp1708929578499
[35m[Appium][39m Appium REST http interface listener started on 0.0.0.0:56314
[35m[HTTP][39m [37m-->[39m [37mGET[39m [37m/wd/hub/status[39m
[35m[HTTP][39m [90m{}[39m
[35m[HTTP][39m [37m<-- GET /wd/hub/status [39m[32m200[39m [90m4 ms - 68[39m
[35m[HTTP][39m [90m[39m
[35m[HTTP][39m [37m-->[39m [37mGET[39m [37m/wd/hub/status[39m
[35m[HTTP][39m [90m{}[39m
[35m[HTTP][39m [37m<-- GET /wd/hub/status [39m[32m200[39m [90m1 ms - 68[39m
[35m[HTTP][39m [90m[39m
[35m[HTTP][39m [37m-->[39m [37mPOST[39m [37m/wd/hub/session[39m
[35m[HTTP][39m [90m{"desiredCapabilities":{"app":"C:\\Users\\ho.hendy\\Downloads\\JM Order2 6.1.1.5 dev.apk","noReset":true,"newCommandTimeout":1800,"platformVersion":"6.0.1","autoGrantPermissions":true,"platformName":"Android","udid":"4200da6bc6323687","deviceName":"samsung SM-G532G (Android 6.0.1)","fullReset":false,"systemPort":56329},"capabilities":{"firstMatch":[{"appium:app":"C:\\Users\\ho.hendy\\Downloads\\JM Order2 6.1.1.5 dev.apk","appium:autoGrantPermissions":true,"appium:deviceName":"samsung SM-G532G (Android 6.0.1)","appium:fullReset":false,"appium:newCommandTimeout":1800,"appium:noReset":true,"platformName":"android","appium:platformVersion":"6.0.1","appium:systemPort":56329,"appium:udid":"4200da6bc6323687"}]}}[39m
[35m[Appium][39m 
[35m[Appium][39m ======================================================================
[35m[Appium][39m   DEPRECATION WARNING:
[35m[Appium][39m 
[35m[Appium][39m   The 'automationName' capability was not provided in the desired 
[35m[Appium][39m   capabilities for this Android session
[35m[Appium][39m 
[35m[Appium][39m   Setting 'automationName=UiAutomator2' by default and using the 
[35m[Appium][39m   UiAutomator2 Driver
[35m[Appium][39m 
[35m[Appium][39m   The next major version of Appium (2.x) will **require** the 
[35m[Appium][39m   'automationName' capability to be set for all sessions on all 
[35m[Appium][39m   platforms
[35m[Appium][39m 
[35m[Appium][39m   In previous versions (Appium <= 1.13.x), the default was 
[35m[Appium][39m   'automationName=UiAutomator1'
[35m[Appium][39m 
[35m[Appium][39m   If you wish to use that automation instead of UiAutomator2, please 
[35m[Appium][39m   add 'automationName=UiAutomator1' to your desired capabilities
[35m[Appium][39m 
[35m[Appium][39m   For more information about drivers, please visit 
[35m[Appium][39m   http://appium.io/docs/en/about-appium/intro/ and explore the 
[35m[Appium][39m   'Drivers' menu
[35m[Appium][39m 
[35m[Appium][39m ======================================================================
[35m[Appium][39m 
[35m[Appium][39m Appium v1.22.3 creating new AndroidUiautomator2Driver (v1.70.1) session
[35m[BaseDriver][39m Session created with session id: 08bfb27a-492a-49ee-844a-20619c547e83
[35m[BaseDriver][39m Using local app 'C:\Users\ho.hendy\Downloads\JM Order2 6.1.1.5 dev.apk'
[35m[ADB][39m Found 1 'build-tools' folders under 'C:\Users\ho.hendy\.katalon\tools\android_sdk' (newest first):
[35m[ADB][39m     C:/Users/ho.hendy/.katalon/tools/android_sdk/build-tools/29.0.3
[35m[ADB][39m Using 'adb.exe' from 'C:\Users\ho.hendy\.katalon\tools\android_sdk\platform-tools\adb.exe'
[35m[AndroidDriver][39m Retrieving device list
[35m[AndroidDriver][39m Using device: 4200da6bc6323687
[35m[ADB][39m Using 'adb.exe' from 'C:\Users\ho.hendy\.katalon\tools\android_sdk\platform-tools\adb.exe'
[35m[ADB][39m Package name: 'id.co.jmpmf.jmo'
[35m[ADB][39m Main activity name: 'id.co.jmpmf.jmo.splash.SplashScreenActivity'
[35m[AndroidDriver][39m Granting permissions SET_ANIMATION_SCALE,CHANGE_CONFIGURATION,ACCESS_FINE_LOCATION to 'io.appium.settings'
[35m[ADB][39m Using 'apksigner.jar' from 'C:\Users\ho.hendy\.katalon\tools\android_sdk\build-tools\29.0.3\lib\apksigner.jar'
[35m[ADB][39m 'C:\Users\ho.hendy\AppData\Roaming\npm\node_modules\appium\node_modules\appium-uiautomator2-server\apks\appium-uiautomator2-server-v4.27.0.apk' is signed with the default certificate
[35m[ADB][39m 'C:\Users\ho.hendy\AppData\Roaming\npm\node_modules\appium\node_modules\appium-uiautomator2-server\apks\appium-uiautomator2-server-debug-androidTest.apk' is signed with the default certificate
[35m[UiAutomator2][39m Server packages are not going to be (re)installed
[35m[ADB][39m Adding packages ["io.appium.settings","io.appium.uiautomator2.server","io.appium.uiautomator2.server.test"] to Doze whitelist
[35m[ADB][39m 'C:\Users\ho.hendy\Downloads\JM Order2 6.1.1.5 dev.apk' is signed with a non-default certificate
[35m[ADB][39m The application at 'C:\Users\ho.hendy\Downloads\JM Order2 6.1.1.5 dev.apk' is already cached to '/data/local/tmp/appium_cache/55f4ae822b579e19794f2b49f935fdd38d51c4b5.apk'
[35m[ADB][39m The installation of 'JM Order2 6.1.1.5 dev.apk' took 16707ms
[35m[UiAutomator2][39m Starting UIAutomator2 server 4.27.0
[35m[UiAutomator2][39m Using UIAutomator2 server from 'C:\Users\ho.hendy\AppData\Roaming\npm\node_modules\appium\node_modules\appium-uiautomator2-server\apks\appium-uiautomator2-server-v4.27.0.apk' and test from 'C:\Users\ho.hendy\AppData\Roaming\npm\node_modules\appium\node_modules\appium-uiautomator2-server\apks\appium-uiautomator2-server-debug-androidTest.apk'
[35m[UiAutomator2][39m Waiting up to 30000ms for UiAutomator2 to be online...
[35m[WD Proxy][39m socket hang up
[35m[WD Proxy][39m socket hang up
[35m[WD Proxy][39m socket hang up
[35m[WD Proxy][39m socket hang up
[35m[WD Proxy][39m Determined the downstream protocol as 'W3C'
[35m[AndroidDriver][39m Screen already unlocked, doing nothing
[35m[UiAutomator2][39m Starting 'id.co.jmpmf.jmo/id.co.jmpmf.jmo.splash.SplashScreenActivity and waiting for 'id.co.jmpmf.jmo/id.co.jmpmf.jmo.splash.SplashScreenActivity'
[35m[Appium][39m New AndroidUiautomator2Driver session created successfully, session 08bfb27a-492a-49ee-844a-20619c547e83 added to master session list
[35m[HTTP][39m [37m<-- POST /wd/hub/session [39m[32m200[39m [90m42521 ms - 1151[39m
[35m[HTTP][39m [90m[39m
[35m[HTTP][39m [37m-->[39m [37mGET[39m [37m/wd/hub/session/08bfb27a-492a-49ee-844a-20619c547e83[39m
[35m[HTTP][39m [90m{}[39m
[35m[HTTP][39m [37m<-- GET /wd/hub/session/08bfb27a-492a-49ee-844a-20619c547e83 [39m[32m200[39m [90m11 ms - 1105[39m
[35m[HTTP][39m [90m[39m
[35m[HTTP][39m [37m-->[39m [37mGET[39m [37m/wd/hub/session/08bfb27a-492a-49ee-844a-20619c547e83[39m
[35m[HTTP][39m [90m{}[39m
[35m[HTTP][39m [37m<-- GET /wd/hub/session/08bfb27a-492a-49ee-844a-20619c547e83 [39m[32m200[39m [90m15 ms - 1105[39m
[35m[HTTP][39m [90m[39m
[35m[HTTP][39m [37m-->[39m [37mGET[39m [37m/wd/hub/status[39m
[35m[HTTP][39m [90m{}[39m
[35m[HTTP][39m [37m<-- GET /wd/hub/status [39m[32m200[39m [90m1 ms - 68[39m
[35m[HTTP][39m [90m[39m
[35m[HTTP][39m [37m-->[39m [37mPOST[39m [37m/wd/hub/session/08bfb27a-492a-49ee-844a-20619c547e83/timeouts[39m
[35m[HTTP][39m [90m{"implicit":60000}[39m
[35m[HTTP][39m [37m<-- POST /wd/hub/session/08bfb27a-492a-49ee-844a-20619c547e83/timeouts [39m[32m200[39m [90m2 ms - 14[39m
[35m[HTTP][39m [90m[39m
[35m[HTTP][39m [37m-->[39m [37mGET[39m [37m/wd/hub/session/08bfb27a-492a-49ee-844a-20619c547e83/source[39m
[35m[HTTP][39m [90m{}[39m
[35m[W3C (08bfb27a)][39m Driver proxy active, passing request on via HTTP proxy
[35m[WD Proxy][39m Replacing sessionId b58b3728-0769-4e7d-99f0-35d3d2bb16a6 with 08bfb27a-492a-49ee-844a-20619c547e83
[35m[HTTP][39m [37m<-- GET /wd/hub/session/08bfb27a-492a-49ee-844a-20619c547e83/source [39m[32m200[39m [90m55 ms - 3193[39m
[35m[HTTP][39m [90m[39m
[35m[HTTP][39m [37m-->[39m [37mGET[39m [37m/wd/hub/session/08bfb27a-492a-49ee-844a-20619c547e83/screenshot[39m
[35m[HTTP][39m [90m{}[39m
[35m[HTTP][39m [37m<-- GET /wd/hub/session/08bfb27a-492a-49ee-844a-20619c547e83/screenshot [39m[32m200[39m [90m493 ms - 54622[39m
[35m[HTTP][39m [90m[39m
[35m[HTTP][39m [37m-->[39m [37mDELETE[39m [37m/wd/hub/session/08bfb27a-492a-49ee-844a-20619c547e83[39m
[35m[HTTP][39m [90m{}[39m
[35m[Appium][39m Removing session 08bfb27a-492a-49ee-844a-20619c547e83 from our master session list
[35m[HTTP][39m [37m<-- DELETE /wd/hub/session/08bfb27a-492a-49ee-844a-20619c547e83 [39m[32m200[39m [90m2187 ms - 14[39m
[35m[HTTP][39m [90m[39m
